SLURM_JOBID:  6841200
SLURM_ARRAY_TASK_ID:  70
SLURM_ARRAY_JOB_ID:  6841109
2020-06-01 17:48:09.073231: W tensorflow/stream_executor/platform/default/dso_loader.cc:55] Could not load dynamic library 'libcuda.so.1'; dlerror: libcuda.so.1: cannot open shared object file: No such file or directory; LD_LIBRARY_PATH: /sw/arcts/centos7/python3.6-anaconda/5.2.0/lib:/opt/slurm/lib64::
2020-06-01 17:48:09.073556: E tensorflow/stream_executor/cuda/cuda_driver.cc:313] failed call to cuInit: UNKNOWN ERROR (303)
2020-06-01 17:48:09.073585: I tensorflow/stream_executor/cuda/cuda_diagnostics.cc:156] kernel driver does not appear to be running on this host (gl3039.arc-ts.umich.edu): /proc/driver/nvidia/version does not exist
2020-06-01 17:48:09.073963: I tensorflow/core/platform/cpu_feature_guard.cc:143] Your CPU supports instructions that this TensorFlow binary was not compiled to use: AVX2 AVX512F FMA
2020-06-01 17:48:09.081514: I tensorflow/core/platform/profile_utils/cpu_utils.cc:102] CPU Frequency: 3000000000 Hz
2020-06-01 17:48:09.081625: I tensorflow/compiler/xla/service/service.cc:168] XLA service 0x55db527b9e30 initialized for platform Host (this does not guarantee that XLA will be used). Devices:
2020-06-01 17:48:09.081635: I tensorflow/compiler/xla/service/service.cc:176]   StreamExecutor device (0): Host, Default Version


Measures for gender

Accuracy is 0.819458
Balanced accuracy is 0.802031
Gap RMS is 0.0729517449522193
Mean absolute gap is 0.07172117847531997
Max gap is 0.08506395366210007
Average odds difference is 0.013343
Equal opportunity difference is 0.085064
Statistical parity difference is -0.154978



Measures for race

Accuracy is 0.819458
Balanced accuracy is 0.802031
Gap RMS is 0.025052294201684602
Mean absolute gap is 0.021137448976600498
Max gap is 0.034584593488703075
Average odds difference is -0.021137
Equal opportunity difference is -0.007690
Statistical parity difference is -0.088718
