SLURM_JOBID:  6841189
SLURM_ARRAY_TASK_ID:  59
SLURM_ARRAY_JOB_ID:  6841109
2020-06-01 17:48:10.309864: W tensorflow/stream_executor/platform/default/dso_loader.cc:55] Could not load dynamic library 'libcuda.so.1'; dlerror: libcuda.so.1: cannot open shared object file: No such file or directory; LD_LIBRARY_PATH: /sw/arcts/centos7/python3.6-anaconda/5.2.0/lib:/opt/slurm/lib64::
2020-06-01 17:48:10.310173: E tensorflow/stream_executor/cuda/cuda_driver.cc:313] failed call to cuInit: UNKNOWN ERROR (303)
2020-06-01 17:48:10.310206: I tensorflow/stream_executor/cuda/cuda_diagnostics.cc:156] kernel driver does not appear to be running on this host (gl3223.arc-ts.umich.edu): /proc/driver/nvidia/version does not exist
2020-06-01 17:48:10.310584: I tensorflow/core/platform/cpu_feature_guard.cc:143] Your CPU supports instructions that this TensorFlow binary was not compiled to use: AVX2 AVX512F FMA
2020-06-01 17:48:10.317768: I tensorflow/core/platform/profile_utils/cpu_utils.cc:102] CPU Frequency: 3000000000 Hz
2020-06-01 17:48:10.317859: I tensorflow/compiler/xla/service/service.cc:168] XLA service 0x5615ebf3c120 initialized for platform Host (this does not guarantee that XLA will be used). Devices:
2020-06-01 17:48:10.317869: I tensorflow/compiler/xla/service/service.cc:176]   StreamExecutor device (0): Host, Default Version


Measures for gender

Accuracy is 0.756329
Balanced accuracy is 0.758515
Gap RMS is 0.06212340878732752
Mean absolute gap is 0.06195793109878625
Max gap is 0.06648923260226819
Average odds difference is -0.061958
Equal opportunity difference is -0.057427
Statistical parity difference is -0.169832



Measures for race

Accuracy is 0.756329
Balanced accuracy is 0.758515
Gap RMS is 0.03860753629516953
Mean absolute gap is 0.03059460781322748
Max gap is 0.05414268271411127
Average odds difference is -0.030595
Equal opportunity difference is -0.007047
Statistical parity difference is -0.102365
