SLURM_JOBID:  6841198
SLURM_ARRAY_TASK_ID:  68
SLURM_ARRAY_JOB_ID:  6841109
2020-06-01 17:48:10.362171: W tensorflow/stream_executor/platform/default/dso_loader.cc:55] Could not load dynamic library 'libcuda.so.1'; dlerror: libcuda.so.1: cannot open shared object file: No such file or directory; LD_LIBRARY_PATH: /sw/arcts/centos7/python3.6-anaconda/5.2.0/lib:/opt/slurm/lib64::
2020-06-01 17:48:10.362375: E tensorflow/stream_executor/cuda/cuda_driver.cc:313] failed call to cuInit: UNKNOWN ERROR (303)
2020-06-01 17:48:10.362399: I tensorflow/stream_executor/cuda/cuda_diagnostics.cc:156] kernel driver does not appear to be running on this host (gl3222.arc-ts.umich.edu): /proc/driver/nvidia/version does not exist
2020-06-01 17:48:10.362749: I tensorflow/core/platform/cpu_feature_guard.cc:143] Your CPU supports instructions that this TensorFlow binary was not compiled to use: AVX2 AVX512F FMA
2020-06-01 17:48:10.369757: I tensorflow/core/platform/profile_utils/cpu_utils.cc:102] CPU Frequency: 3000000000 Hz
2020-06-01 17:48:10.369846: I tensorflow/compiler/xla/service/service.cc:168] XLA service 0x5650dce36410 initialized for platform Host (this does not guarantee that XLA will be used). Devices:
2020-06-01 17:48:10.369856: I tensorflow/compiler/xla/service/service.cc:176]   StreamExecutor device (0): Host, Default Version


Measures for gender

Accuracy is 0.819679
Balanced accuracy is 0.798752
Gap RMS is 0.050464757652687854
Mean absolute gap is 0.04655435025097541
Max gap is 0.06603213856623398
Average odds difference is -0.019478
Equal opportunity difference is 0.027077
Statistical parity difference is -0.162013



Measures for race

Accuracy is 0.819679
Balanced accuracy is 0.798752
Gap RMS is 0.035846905906680056
Mean absolute gap is 0.032799747275705025
Max gap is 0.04726270830490835
Average odds difference is -0.032800
Equal opportunity difference is -0.018337
Statistical parity difference is -0.105539
