SLURM_JOBID:  6841193
SLURM_ARRAY_TASK_ID:  63
SLURM_ARRAY_JOB_ID:  6841109
2020-06-01 17:48:10.314544: W tensorflow/stream_executor/platform/default/dso_loader.cc:55] Could not load dynamic library 'libcuda.so.1'; dlerror: libcuda.so.1: cannot open shared object file: No such file or directory; LD_LIBRARY_PATH: /sw/arcts/centos7/python3.6-anaconda/5.2.0/lib:/opt/slurm/lib64::
2020-06-01 17:48:10.314743: E tensorflow/stream_executor/cuda/cuda_driver.cc:313] failed call to cuInit: UNKNOWN ERROR (303)
2020-06-01 17:48:10.314765: I tensorflow/stream_executor/cuda/cuda_diagnostics.cc:156] kernel driver does not appear to be running on this host (gl3223.arc-ts.umich.edu): /proc/driver/nvidia/version does not exist
2020-06-01 17:48:10.315089: I tensorflow/core/platform/cpu_feature_guard.cc:143] Your CPU supports instructions that this TensorFlow binary was not compiled to use: AVX2 AVX512F FMA
2020-06-01 17:48:10.322031: I tensorflow/core/platform/profile_utils/cpu_utils.cc:102] CPU Frequency: 3000000000 Hz
2020-06-01 17:48:10.322122: I tensorflow/compiler/xla/service/service.cc:168] XLA service 0x555610e50ea0 initialized for platform Host (this does not guarantee that XLA will be used). Devices:
2020-06-01 17:48:10.322132: I tensorflow/compiler/xla/service/service.cc:176]   StreamExecutor device (0): Host, Default Version


Measures for gender

Accuracy is 0.820232
Balanced accuracy is 0.794611
Gap RMS is 0.09838702673563372
Mean absolute gap is 0.09145320013906634
Max gap is 0.12773431387889222
Average odds difference is 0.036281
Equal opportunity difference is 0.127734
Statistical parity difference is -0.143861



Measures for race

Accuracy is 0.820232
Balanced accuracy is 0.794611
Gap RMS is 0.03144652137807959
Mean absolute gap is 0.030820283277215532
Max gap is 0.03706478850134698
Average odds difference is -0.030820
Equal opportunity difference is -0.024576
Statistical parity difference is -0.090698
