SLURM_JOBID:  6841182
SLURM_ARRAY_TASK_ID:  52
SLURM_ARRAY_JOB_ID:  6841109
2020-06-01 17:48:13.195695: W tensorflow/stream_executor/platform/default/dso_loader.cc:55] Could not load dynamic library 'libcuda.so.1'; dlerror: libcuda.so.1: cannot open shared object file: No such file or directory; LD_LIBRARY_PATH: /sw/arcts/centos7/python3.6-anaconda/5.2.0/lib:/opt/slurm/lib64::
2020-06-01 17:48:13.195972: E tensorflow/stream_executor/cuda/cuda_driver.cc:313] failed call to cuInit: UNKNOWN ERROR (303)
2020-06-01 17:48:13.195996: I tensorflow/stream_executor/cuda/cuda_diagnostics.cc:156] kernel driver does not appear to be running on this host (gl3034.arc-ts.umich.edu): /proc/driver/nvidia/version does not exist
2020-06-01 17:48:13.196366: I tensorflow/core/platform/cpu_feature_guard.cc:143] Your CPU supports instructions that this TensorFlow binary was not compiled to use: AVX2 AVX512F FMA
2020-06-01 17:48:13.203753: I tensorflow/core/platform/profile_utils/cpu_utils.cc:102] CPU Frequency: 3000000000 Hz
2020-06-01 17:48:13.203864: I tensorflow/compiler/xla/service/service.cc:168] XLA service 0x5620ac393ff0 initialized for platform Host (this does not guarantee that XLA will be used). Devices:
2020-06-01 17:48:13.203875: I tensorflow/compiler/xla/service/service.cc:176]   StreamExecutor device (0): Host, Default Version


Measures for gender

Accuracy is 0.784964
Balanced accuracy is 0.760607
Gap RMS is 0.06482372918009062
Mean absolute gap is 0.064247461154049
Max gap is 0.07287182200414666
Average odds difference is -0.064247
Equal opportunity difference is -0.055623
Statistical parity difference is -0.168513



Measures for race

Accuracy is 0.784964
Balanced accuracy is 0.760607
Gap RMS is 0.05139543449511394
Mean absolute gap is 0.04988435828766816
Max gap is 0.06225535198943283
Average odds difference is -0.049884
Equal opportunity difference is -0.037513
Statistical parity difference is -0.110929
