SLURM_JOBID:  6841141
SLURM_ARRAY_TASK_ID:  11
SLURM_ARRAY_JOB_ID:  6841109
2020-06-01 17:48:08.054463: W tensorflow/stream_executor/platform/default/dso_loader.cc:55] Could not load dynamic library 'libcuda.so.1'; dlerror: libcuda.so.1: cannot open shared object file: No such file or directory; LD_LIBRARY_PATH: /sw/arcts/centos7/python3.6-anaconda/5.2.0/lib:/opt/slurm/lib64::
2020-06-01 17:48:08.054627: E tensorflow/stream_executor/cuda/cuda_driver.cc:313] failed call to cuInit: UNKNOWN ERROR (303)
2020-06-01 17:48:08.054649: I tensorflow/stream_executor/cuda/cuda_diagnostics.cc:156] kernel driver does not appear to be running on this host (gl3226.arc-ts.umich.edu): /proc/driver/nvidia/version does not exist
2020-06-01 17:48:08.054993: I tensorflow/core/platform/cpu_feature_guard.cc:143] Your CPU supports instructions that this TensorFlow binary was not compiled to use: AVX2 AVX512F FMA
2020-06-01 17:48:08.061986: I tensorflow/core/platform/profile_utils/cpu_utils.cc:102] CPU Frequency: 3000000000 Hz
2020-06-01 17:48:08.062084: I tensorflow/compiler/xla/service/service.cc:168] XLA service 0x55697a0ac510 initialized for platform Host (this does not guarantee that XLA will be used). Devices:
2020-06-01 17:48:08.062095: I tensorflow/compiler/xla/service/service.cc:176]   StreamExecutor device (0): Host, Default Version
WARNING:tensorflow:No training configuration found in save file, so the model was *not* compiled. Compile it manually.


Measures for gender

Accuracy is 0.809287
Balanced accuracy is 0.829099
Gap RMS is 0.15871337527488313
Mean absolute gap is 0.14789220680747375
Max gap is 0.2054928201441501
Average odds difference is -0.147892
Equal opportunity difference is -0.090292
Statistical parity difference is -0.310137



Measures for race

Accuracy is 0.809287
Balanced accuracy is 0.829099
Gap RMS is 0.06689199627306895
Mean absolute gap is 0.05532892103815658
Max gap is 0.09292213401802443
Average odds difference is -0.055329
Equal opportunity difference is -0.017736
Statistical parity difference is -0.143536
