SLURM_JOBID:  6841173
SLURM_ARRAY_TASK_ID:  43
SLURM_ARRAY_JOB_ID:  6841109
2020-06-01 17:48:11.046337: W tensorflow/stream_executor/platform/default/dso_loader.cc:55] Could not load dynamic library 'libcuda.so.1'; dlerror: libcuda.so.1: cannot open shared object file: No such file or directory; LD_LIBRARY_PATH: /sw/arcts/centos7/python3.6-anaconda/5.2.0/lib:/opt/slurm/lib64::
2020-06-01 17:48:11.046594: E tensorflow/stream_executor/cuda/cuda_driver.cc:313] failed call to cuInit: UNKNOWN ERROR (303)
2020-06-01 17:48:11.046627: I tensorflow/stream_executor/cuda/cuda_diagnostics.cc:156] kernel driver does not appear to be running on this host (gl3091.arc-ts.umich.edu): /proc/driver/nvidia/version does not exist
2020-06-01 17:48:11.047098: I tensorflow/core/platform/cpu_feature_guard.cc:143] Your CPU supports instructions that this TensorFlow binary was not compiled to use: AVX2 AVX512F FMA
2020-06-01 17:48:11.055953: I tensorflow/core/platform/profile_utils/cpu_utils.cc:102] CPU Frequency: 3000000000 Hz
2020-06-01 17:48:11.056104: I tensorflow/compiler/xla/service/service.cc:168] XLA service 0x55dd465ffbe0 initialized for platform Host (this does not guarantee that XLA will be used). Devices:
2020-06-01 17:48:11.056115: I tensorflow/compiler/xla/service/service.cc:176]   StreamExecutor device (0): Host, Default Version


Measures for gender

Accuracy is 0.790713
Balanced accuracy is 0.782929
Gap RMS is 0.11177657010833181
Mean absolute gap is 0.11177572899343755
Max gap is 0.11220935690815204
Average odds difference is -0.111776
Equal opportunity difference is -0.112209
Statistical parity difference is -0.219149



Measures for race

Accuracy is 0.790713
Balanced accuracy is 0.782929
Gap RMS is 0.046234557624901126
Mean absolute gap is 0.04512246199723048
Max gap is 0.0552020325277042
Average odds difference is -0.045122
Equal opportunity difference is -0.035043
Statistical parity difference is -0.105157
