SLURM_JOBID:  6841181
SLURM_ARRAY_TASK_ID:  51
SLURM_ARRAY_JOB_ID:  6841109
2020-06-01 17:48:13.168405: W tensorflow/stream_executor/platform/default/dso_loader.cc:55] Could not load dynamic library 'libcuda.so.1'; dlerror: libcuda.so.1: cannot open shared object file: No such file or directory; LD_LIBRARY_PATH: /sw/arcts/centos7/python3.6-anaconda/5.2.0/lib:/opt/slurm/lib64::
2020-06-01 17:48:13.168604: E tensorflow/stream_executor/cuda/cuda_driver.cc:313] failed call to cuInit: UNKNOWN ERROR (303)
2020-06-01 17:48:13.168634: I tensorflow/stream_executor/cuda/cuda_diagnostics.cc:156] kernel driver does not appear to be running on this host (gl3034.arc-ts.umich.edu): /proc/driver/nvidia/version does not exist
2020-06-01 17:48:13.169022: I tensorflow/core/platform/cpu_feature_guard.cc:143] Your CPU supports instructions that this TensorFlow binary was not compiled to use: AVX2 AVX512F FMA
2020-06-01 17:48:13.178217: I tensorflow/core/platform/profile_utils/cpu_utils.cc:102] CPU Frequency: 3000000000 Hz
2020-06-01 17:48:13.178380: I tensorflow/compiler/xla/service/service.cc:168] XLA service 0x55b3e5fc8f10 initialized for platform Host (this does not guarantee that XLA will be used). Devices:
2020-06-01 17:48:13.178392: I tensorflow/compiler/xla/service/service.cc:176]   StreamExecutor device (0): Host, Default Version


Measures for gender

Accuracy is 0.777446
Balanced accuracy is 0.760109
Gap RMS is 0.06391201534229085
Mean absolute gap is 0.04548575657575128
Max gap is 0.09038332503824956
Average odds difference is -0.045486
Equal opportunity difference is -0.000588
Statistical parity difference is -0.176572



Measures for race

Accuracy is 0.777446
Balanced accuracy is 0.760109
Gap RMS is 0.05223729575388426
Mean absolute gap is 0.04812060483735256
Max gap is 0.06844651091226434
Average odds difference is -0.048121
Equal opportunity difference is -0.027795
Statistical parity difference is -0.111763
