SLURM_JOBID:  6841148
SLURM_ARRAY_TASK_ID:  18
SLURM_ARRAY_JOB_ID:  6841109
2020-06-01 17:48:07.636338: W tensorflow/stream_executor/platform/default/dso_loader.cc:55] Could not load dynamic library 'libcuda.so.1'; dlerror: libcuda.so.1: cannot open shared object file: No such file or directory; LD_LIBRARY_PATH: /sw/arcts/centos7/python3.6-anaconda/5.2.0/lib:/opt/slurm/lib64::
2020-06-01 17:48:07.636581: E tensorflow/stream_executor/cuda/cuda_driver.cc:313] failed call to cuInit: UNKNOWN ERROR (303)
2020-06-01 17:48:07.636608: I tensorflow/stream_executor/cuda/cuda_diagnostics.cc:156] kernel driver does not appear to be running on this host (gl3239.arc-ts.umich.edu): /proc/driver/nvidia/version does not exist
2020-06-01 17:48:07.636978: I tensorflow/core/platform/cpu_feature_guard.cc:143] Your CPU supports instructions that this TensorFlow binary was not compiled to use: AVX2 AVX512F FMA
2020-06-01 17:48:07.643960: I tensorflow/core/platform/profile_utils/cpu_utils.cc:102] CPU Frequency: 3000000000 Hz
2020-06-01 17:48:07.644065: I tensorflow/compiler/xla/service/service.cc:168] XLA service 0x55d9cbf24440 initialized for platform Host (this does not guarantee that XLA will be used). Devices:
2020-06-01 17:48:07.644075: I tensorflow/compiler/xla/service/service.cc:176]   StreamExecutor device (0): Host, Default Version
WARNING:tensorflow:No training configuration found in save file, so the model was *not* compiled. Compile it manually.


Measures for gender

Accuracy is 0.812161
Balanced accuracy is 0.827934
Gap RMS is 0.14906964334473088
Mean absolute gap is 0.13726107762425532
Max gap is 0.19540877866525455
Average odds difference is -0.137261
Equal opportunity difference is -0.079113
Statistical parity difference is -0.305925



Measures for race

Accuracy is 0.812161
Balanced accuracy is 0.827934
Gap RMS is 0.03423228785787272
Mean absolute gap is 0.029331663299812863
Max gap is 0.04698111258444129
Average odds difference is -0.017649
Equal opportunity difference is 0.011682
Statistical parity difference is -0.108493
