SLURM_JOBID:  6841205
SLURM_ARRAY_TASK_ID:  75
SLURM_ARRAY_JOB_ID:  6841109
2020-06-01 17:48:09.885661: W tensorflow/stream_executor/platform/default/dso_loader.cc:55] Could not load dynamic library 'libcuda.so.1'; dlerror: libcuda.so.1: cannot open shared object file: No such file or directory; LD_LIBRARY_PATH: /sw/arcts/centos7/python3.6-anaconda/5.2.0/lib:/opt/slurm/lib64::
2020-06-01 17:48:09.885815: E tensorflow/stream_executor/cuda/cuda_driver.cc:313] failed call to cuInit: UNKNOWN ERROR (303)
2020-06-01 17:48:09.885836: I tensorflow/stream_executor/cuda/cuda_diagnostics.cc:156] kernel driver does not appear to be running on this host (gl3038.arc-ts.umich.edu): /proc/driver/nvidia/version does not exist
2020-06-01 17:48:09.886183: I tensorflow/core/platform/cpu_feature_guard.cc:143] Your CPU supports instructions that this TensorFlow binary was not compiled to use: AVX2 AVX512F FMA
2020-06-01 17:48:09.893423: I tensorflow/core/platform/profile_utils/cpu_utils.cc:102] CPU Frequency: 3000000000 Hz
2020-06-01 17:48:09.893515: I tensorflow/compiler/xla/service/service.cc:168] XLA service 0x55758ea83590 initialized for platform Host (this does not guarantee that XLA will be used). Devices:
2020-06-01 17:48:09.893525: I tensorflow/compiler/xla/service/service.cc:176]   StreamExecutor device (0): Host, Default Version


Measures for gender

Accuracy is 0.823991
Balanced accuracy is 0.801033
Gap RMS is 0.06900460871695456
Mean absolute gap is 0.06900033509655182
Max gap is 0.06976830693429219
Average odds difference is -0.000768
Equal opportunity difference is 0.068232
Statistical parity difference is -0.167959



Measures for race

Accuracy is 0.823991
Balanced accuracy is 0.801033
Gap RMS is 0.023089227278156363
Mean absolute gap is 0.022039660440124342
Max gap is 0.028921940875152985
Average odds difference is -0.022040
Equal opportunity difference is -0.015157
Statistical parity difference is -0.094235
