SLURM_JOBID:  6841138
SLURM_ARRAY_TASK_ID:  8
SLURM_ARRAY_JOB_ID:  6841109
2020-06-01 17:48:07.596552: W tensorflow/stream_executor/platform/default/dso_loader.cc:55] Could not load dynamic library 'libcuda.so.1'; dlerror: libcuda.so.1: cannot open shared object file: No such file or directory; LD_LIBRARY_PATH: /sw/arcts/centos7/python3.6-anaconda/5.2.0/lib:/opt/slurm/lib64::
2020-06-01 17:48:07.596790: E tensorflow/stream_executor/cuda/cuda_driver.cc:313] failed call to cuInit: UNKNOWN ERROR (303)
2020-06-01 17:48:07.596820: I tensorflow/stream_executor/cuda/cuda_diagnostics.cc:156] kernel driver does not appear to be running on this host (gl3137.arc-ts.umich.edu): /proc/driver/nvidia/version does not exist
2020-06-01 17:48:07.597216: I tensorflow/core/platform/cpu_feature_guard.cc:143] Your CPU supports instructions that this TensorFlow binary was not compiled to use: AVX2 AVX512F FMA
2020-06-01 17:48:07.604243: I tensorflow/core/platform/profile_utils/cpu_utils.cc:102] CPU Frequency: 3000000000 Hz
2020-06-01 17:48:07.604363: I tensorflow/compiler/xla/service/service.cc:168] XLA service 0x55cfad63eec0 initialized for platform Host (this does not guarantee that XLA will be used). Devices:
2020-06-01 17:48:07.604374: I tensorflow/compiler/xla/service/service.cc:176]   StreamExecutor device (0): Host, Default Version
WARNING:tensorflow:No training configuration found in save file, so the model was *not* compiled. Compile it manually.


Measures for gender

Accuracy is 0.804643
Balanced accuracy is 0.821887
Gap RMS is 0.17536242260313176
Mean absolute gap is 0.1699609999258188
Max gap is 0.21314939843114886
Average odds difference is -0.169961
Equal opportunity difference is -0.126773
Statistical parity difference is -0.312645



Measures for race

Accuracy is 0.804643
Balanced accuracy is 0.821887
Gap RMS is 0.06527450666190815
Mean absolute gap is 0.05781261950566312
Max gap is 0.08811876155391649
Average odds difference is -0.057813
Equal opportunity difference is -0.027506
Statistical parity difference is -0.145829
