SLURM_JOBID:  6841146
SLURM_ARRAY_TASK_ID:  16
SLURM_ARRAY_JOB_ID:  6841109
2020-06-01 17:48:07.585031: W tensorflow/stream_executor/platform/default/dso_loader.cc:55] Could not load dynamic library 'libcuda.so.1'; dlerror: libcuda.so.1: cannot open shared object file: No such file or directory; LD_LIBRARY_PATH: /sw/arcts/centos7/python3.6-anaconda/5.2.0/lib:/opt/slurm/lib64::
2020-06-01 17:48:07.585273: E tensorflow/stream_executor/cuda/cuda_driver.cc:313] failed call to cuInit: UNKNOWN ERROR (303)
2020-06-01 17:48:07.585297: I tensorflow/stream_executor/cuda/cuda_diagnostics.cc:156] kernel driver does not appear to be running on this host (gl3237.arc-ts.umich.edu): /proc/driver/nvidia/version does not exist
2020-06-01 17:48:07.585682: I tensorflow/core/platform/cpu_feature_guard.cc:143] Your CPU supports instructions that this TensorFlow binary was not compiled to use: AVX2 AVX512F FMA
2020-06-01 17:48:07.592640: I tensorflow/core/platform/profile_utils/cpu_utils.cc:102] CPU Frequency: 3000000000 Hz
2020-06-01 17:48:07.592739: I tensorflow/compiler/xla/service/service.cc:168] XLA service 0x559789416510 initialized for platform Host (this does not guarantee that XLA will be used). Devices:
2020-06-01 17:48:07.592749: I tensorflow/compiler/xla/service/service.cc:176]   StreamExecutor device (0): Host, Default Version
WARNING:tensorflow:No training configuration found in save file, so the model was *not* compiled. Compile it manually.


Measures for gender

Accuracy is 0.805860
Balanced accuracy is 0.825432
Gap RMS is 0.16127173316238902
Mean absolute gap is 0.15706344630449398
Max gap is 0.19366461776328947
Average odds difference is -0.157063
Equal opportunity difference is -0.120462
Statistical parity difference is -0.301216



Measures for race

Accuracy is 0.805860
Balanced accuracy is 0.825432
Gap RMS is 0.06681631321389107
Mean absolute gap is 0.0574639655278779
Max gap is 0.09155666822666161
Average odds difference is -0.057464
Equal opportunity difference is -0.023371
Statistical parity difference is -0.141833
