SLURM_JOBID:  6841145
SLURM_ARRAY_TASK_ID:  15
SLURM_ARRAY_JOB_ID:  6841109
2020-06-01 17:48:07.847451: W tensorflow/stream_executor/platform/default/dso_loader.cc:55] Could not load dynamic library 'libcuda.so.1'; dlerror: libcuda.so.1: cannot open shared object file: No such file or directory; LD_LIBRARY_PATH: /sw/arcts/centos7/python3.6-anaconda/5.2.0/lib:/opt/slurm/lib64::
2020-06-01 17:48:07.847773: E tensorflow/stream_executor/cuda/cuda_driver.cc:313] failed call to cuInit: UNKNOWN ERROR (303)
2020-06-01 17:48:07.847799: I tensorflow/stream_executor/cuda/cuda_diagnostics.cc:156] kernel driver does not appear to be running on this host (gl3236.arc-ts.umich.edu): /proc/driver/nvidia/version does not exist
2020-06-01 17:48:07.848186: I tensorflow/core/platform/cpu_feature_guard.cc:143] Your CPU supports instructions that this TensorFlow binary was not compiled to use: AVX2 AVX512F FMA
2020-06-01 17:48:07.855186: I tensorflow/core/platform/profile_utils/cpu_utils.cc:102] CPU Frequency: 3000000000 Hz
2020-06-01 17:48:07.855294: I tensorflow/compiler/xla/service/service.cc:168] XLA service 0x565165d04ef0 initialized for platform Host (this does not guarantee that XLA will be used). Devices:
2020-06-01 17:48:07.855304: I tensorflow/compiler/xla/service/service.cc:176]   StreamExecutor device (0): Host, Default Version
WARNING:tensorflow:No training configuration found in save file, so the model was *not* compiled. Compile it manually.


Measures for gender

Accuracy is 0.808181
Balanced accuracy is 0.823166
Gap RMS is 0.1613617816329112
Mean absolute gap is 0.15055506877035207
Max gap is 0.2086136240339984
Average odds difference is -0.150555
Equal opportunity difference is -0.092497
Statistical parity difference is -0.312304



Measures for race

Accuracy is 0.808181
Balanced accuracy is 0.823166
Gap RMS is 0.04663387804840865
Mean absolute gap is 0.03586051712817899
Max gap is 0.0656722915324883
Average odds difference is -0.035861
Equal opportunity difference is -0.006049
Statistical parity difference is -0.128152
