SLURM_JOBID:  6841187
SLURM_ARRAY_TASK_ID:  57
SLURM_ARRAY_JOB_ID:  6841109
2020-06-01 17:48:13.196796: W tensorflow/stream_executor/platform/default/dso_loader.cc:55] Could not load dynamic library 'libcuda.so.1'; dlerror: libcuda.so.1: cannot open shared object file: No such file or directory; LD_LIBRARY_PATH: /sw/arcts/centos7/python3.6-anaconda/5.2.0/lib:/opt/slurm/lib64::
2020-06-01 17:48:13.196991: E tensorflow/stream_executor/cuda/cuda_driver.cc:313] failed call to cuInit: UNKNOWN ERROR (303)
2020-06-01 17:48:13.197014: I tensorflow/stream_executor/cuda/cuda_diagnostics.cc:156] kernel driver does not appear to be running on this host (gl3034.arc-ts.umich.edu): /proc/driver/nvidia/version does not exist
2020-06-01 17:48:13.197329: I tensorflow/core/platform/cpu_feature_guard.cc:143] Your CPU supports instructions that this TensorFlow binary was not compiled to use: AVX2 AVX512F FMA
2020-06-01 17:48:13.204424: I tensorflow/core/platform/profile_utils/cpu_utils.cc:102] CPU Frequency: 3000000000 Hz
2020-06-01 17:48:13.204514: I tensorflow/compiler/xla/service/service.cc:168] XLA service 0x55ccb79ad320 initialized for platform Host (this does not guarantee that XLA will be used). Devices:
2020-06-01 17:48:13.204524: I tensorflow/compiler/xla/service/service.cc:176]   StreamExecutor device (0): Host, Default Version


Measures for gender

Accuracy is 0.782090
Balanced accuracy is 0.770153
Gap RMS is 0.10124093880781784
Mean absolute gap is 0.10120157684052136
Max gap is 0.10402443632699332
Average odds difference is -0.101202
Equal opportunity difference is -0.104024
Statistical parity difference is -0.200047



Measures for race

Accuracy is 0.782090
Balanced accuracy is 0.770153
Gap RMS is 0.06094497042044316
Mean absolute gap is 0.06087995406246219
Max gap is 0.0636943124087262
Average odds difference is -0.060880
Equal opportunity difference is -0.058066
Statistical parity difference is -0.114253
