SLURM_JOBID:  6841174
SLURM_ARRAY_TASK_ID:  44
SLURM_ARRAY_JOB_ID:  6841109
2020-06-01 17:48:11.061042: W tensorflow/stream_executor/platform/default/dso_loader.cc:55] Could not load dynamic library 'libcuda.so.1'; dlerror: libcuda.so.1: cannot open shared object file: No such file or directory; LD_LIBRARY_PATH: /sw/arcts/centos7/python3.6-anaconda/5.2.0/lib:/opt/slurm/lib64::
2020-06-01 17:48:11.061361: E tensorflow/stream_executor/cuda/cuda_driver.cc:313] failed call to cuInit: UNKNOWN ERROR (303)
2020-06-01 17:48:11.061394: I tensorflow/stream_executor/cuda/cuda_diagnostics.cc:156] kernel driver does not appear to be running on this host (gl3091.arc-ts.umich.edu): /proc/driver/nvidia/version does not exist
2020-06-01 17:48:11.061744: I tensorflow/core/platform/cpu_feature_guard.cc:143] Your CPU supports instructions that this TensorFlow binary was not compiled to use: AVX2 AVX512F FMA
2020-06-01 17:48:11.069438: I tensorflow/core/platform/profile_utils/cpu_utils.cc:102] CPU Frequency: 3000000000 Hz
2020-06-01 17:48:11.069561: I tensorflow/compiler/xla/service/service.cc:168] XLA service 0x561b519dc320 initialized for platform Host (this does not guarantee that XLA will be used). Devices:
2020-06-01 17:48:11.069575: I tensorflow/compiler/xla/service/service.cc:176]   StreamExecutor device (0): Host, Default Version


Measures for gender

Accuracy is 0.781647
Balanced accuracy is 0.756238
Gap RMS is 0.0969606544827013
Mean absolute gap is 0.09692955848452503
Max gap is 0.09938500339509165
Average odds difference is -0.096930
Equal opportunity difference is -0.094474
Statistical parity difference is -0.197192



Measures for race

Accuracy is 0.781647
Balanced accuracy is 0.756238
Gap RMS is 0.04578242754531493
Mean absolute gap is 0.04314360613125552
Max gap is 0.05846221970863588
Average odds difference is -0.043144
Equal opportunity difference is -0.027825
Statistical parity difference is -0.099255
