SLURM_JOBID:  6841132
SLURM_ARRAY_TASK_ID:  2
SLURM_ARRAY_JOB_ID:  6841109
2020-06-01 17:48:07.812054: W tensorflow/stream_executor/platform/default/dso_loader.cc:55] Could not load dynamic library 'libcuda.so.1'; dlerror: libcuda.so.1: cannot open shared object file: No such file or directory; LD_LIBRARY_PATH: /sw/arcts/centos7/python3.6-anaconda/5.2.0/lib:/opt/slurm/lib64::
2020-06-01 17:48:07.812407: E tensorflow/stream_executor/cuda/cuda_driver.cc:313] failed call to cuInit: UNKNOWN ERROR (303)
2020-06-01 17:48:07.812433: I tensorflow/stream_executor/cuda/cuda_diagnostics.cc:156] kernel driver does not appear to be running on this host (gl3213.arc-ts.umich.edu): /proc/driver/nvidia/version does not exist
2020-06-01 17:48:07.812813: I tensorflow/core/platform/cpu_feature_guard.cc:143] Your CPU supports instructions that this TensorFlow binary was not compiled to use: AVX2 AVX512F FMA
2020-06-01 17:48:07.819814: I tensorflow/core/platform/profile_utils/cpu_utils.cc:102] CPU Frequency: 3000000000 Hz
2020-06-01 17:48:07.819918: I tensorflow/compiler/xla/service/service.cc:168] XLA service 0x55fd887574f0 initialized for platform Host (this does not guarantee that XLA will be used). Devices:
2020-06-01 17:48:07.819928: I tensorflow/compiler/xla/service/service.cc:176]   StreamExecutor device (0): Host, Default Version
WARNING:tensorflow:No training configuration found in save file, so the model was *not* compiled. Compile it manually.


Measures for gender

Accuracy is 0.809397
Balanced accuracy is 0.824952
Gap RMS is 0.14111152818011044
Mean absolute gap is 0.11614291135941326
Max gap is 0.19628832623940234
Average odds difference is -0.116143
Equal opportunity difference is -0.035997
Statistical parity difference is -0.293789



Measures for race

Accuracy is 0.809397
Balanced accuracy is 0.824952
Gap RMS is 0.05794166237718362
Mean absolute gap is 0.053726965953845934
Max gap is 0.07542142073901664
Average odds difference is -0.053727
Equal opportunity difference is -0.032033
Statistical parity difference is -0.129162
