SLURM_JOBID:  6841134
SLURM_ARRAY_TASK_ID:  4
SLURM_ARRAY_JOB_ID:  6841109
2020-06-01 17:48:10.116100: W tensorflow/stream_executor/platform/default/dso_loader.cc:55] Could not load dynamic library 'libcuda.so.1'; dlerror: libcuda.so.1: cannot open shared object file: No such file or directory; LD_LIBRARY_PATH: /sw/arcts/centos7/python3.6-anaconda/5.2.0/lib:/opt/slurm/lib64::
2020-06-01 17:48:10.116386: E tensorflow/stream_executor/cuda/cuda_driver.cc:313] failed call to cuInit: UNKNOWN ERROR (303)
2020-06-01 17:48:10.116410: I tensorflow/stream_executor/cuda/cuda_diagnostics.cc:156] kernel driver does not appear to be running on this host (gl3020.arc-ts.umich.edu): /proc/driver/nvidia/version does not exist
2020-06-01 17:48:10.116721: I tensorflow/core/platform/cpu_feature_guard.cc:143] Your CPU supports instructions that this TensorFlow binary was not compiled to use: AVX2 AVX512F FMA
2020-06-01 17:48:10.123792: I tensorflow/core/platform/profile_utils/cpu_utils.cc:102] CPU Frequency: 3000000000 Hz
2020-06-01 17:48:10.123884: I tensorflow/compiler/xla/service/service.cc:168] XLA service 0x55c69fbca660 initialized for platform Host (this does not guarantee that XLA will be used). Devices:
2020-06-01 17:48:10.123894: I tensorflow/compiler/xla/service/service.cc:176]   StreamExecutor device (0): Host, Default Version
WARNING:tensorflow:No training configuration found in save file, so the model was *not* compiled. Compile it manually.


Measures for gender

Accuracy is 0.806191
Balanced accuracy is 0.818400
Gap RMS is 0.16600715196438415
Mean absolute gap is 0.15431178195034728
Max gap is 0.21551838661548625
Average odds difference is -0.154312
Equal opportunity difference is -0.093105
Statistical parity difference is -0.316262



Measures for race

Accuracy is 0.806191
Balanced accuracy is 0.818400
Gap RMS is 0.06634413208425606
Mean absolute gap is 0.05882989807297022
Max gap is 0.08949888818900029
Average odds difference is -0.058830
Equal opportunity difference is -0.028161
Statistical parity difference is -0.135902
